[2016-05-03 19:18:23] local.ERROR: exception 'Symfony\Component\HttpKernel\Exception\NotFoundHttpException' in /vagrant/sites/blog.dev/vendor/laravel/framework/src/Illuminate/Routing/RouteCollection.php:148
Stack trace:
#0 /vagrant/sites/blog.dev/vendor/laravel/framework/src/Illuminate/Routing/Router.php(1054): Illuminate\Routing\RouteCollection->match(Object(Illuminate\Http\Request))
#1 /vagrant/sites/blog.dev/vendor/laravel/framework/src/Illuminate/Routing/Router.php(1022): Illuminate\Routing\Router->findRoute(Object(Illuminate\Http\Request))
#2 /vagrant/sites/blog.dev/vendor/laravel/framework/src/Illuminate/Routing/Router.php(1001): Illuminate\Routing\Router->dispatchToRoute(Object(Illuminate\Http\Request))
#3 /vagrant/sites/blog.dev/vendor/laravel/framework/src/Illuminate/Foundation/Application.php(775): Illuminate\Routing\Router->dispatch(Object(Illuminate\Http\Request))
#4 /vagrant/sites/blog.dev/vendor/laravel/framework/src/Illuminate/Foundation/Application.php(745): Illuminate\Foundation\Application->dispatch(Object(Illuminate\Http\Request))
#5 /vagrant/sites/blog.dev/vendor/barryvdh/laravel-debugbar/src/Middleware/Stack.php(34): Illuminate\Foundation\Application->handle(Object(Illuminate\Http\Request), 1, true)
#6 /vagrant/sites/blog.dev/vendor/laravel/framework/src/Illuminate/Session/Middleware.php(72): Barryvdh\Debugbar\Middleware\Stack->handle(Object(Illuminate\Http\Request), 1, true)
#7 /vagrant/sites/blog.dev/vendor/laravel/framework/src/Illuminate/Cookie/Queue.php(47): Illuminate\Session\Middleware->handle(Object(Illuminate\Http\Request), 1, true)
#8 /vagrant/sites/blog.dev/vendor/laravel/framework/src/Illuminate/Cookie/Guard.php(51): Illuminate\Cookie\Queue->handle(Object(Illuminate\Http\Request), 1, true)
#9 /vagrant/sites/blog.dev/vendor/stack/builder/src/Stack/StackedHttpKernel.php(23): Illuminate\Cookie\Guard->handle(Object(Illuminate\Http\Request), 1, true)
#10 /vagrant/sites/blog.dev/vendor/laravel/framework/src/Illuminate/Foundation/Application.php(641): Stack\StackedHttpKernel->handle(Object(Illuminate\Http\Request))
#11 /vagrant/sites/blog.dev/public/index.php(49): Illuminate\Foundation\Application->run()
#12 {main} [] []
[2016-06-03 22:08:06] local.ERROR: exception 'InvalidArgumentException' with message 'View [layouts.master] not found.' in /vagrant/sites/blog.dev/vendor/laravel/framework/src/Illuminate/View/FileViewFinder.php:146
Stack trace:
#0 /vagrant/sites/blog.dev/vendor/laravel/framework/src/Illuminate/View/FileViewFinder.php(83): Illuminate\View\FileViewFinder->findInPaths('layouts.master', Array)
#1 /vagrant/sites/blog.dev/vendor/laravel/framework/src/Illuminate/View/Factory.php(124): Illuminate\View\FileViewFinder->find('layouts.master')
#2 /vagrant/sites/blog.dev/app/storage/views/80927ad745562735ee47bba8854042b2(72): Illuminate\View\Factory->make('layouts.master', Array)
#3 /vagrant/sites/blog.dev/vendor/laravel/framework/src/Illuminate/View/Engines/PhpEngine.php(37): include('/vagrant/sites/...')
#4 /vagrant/sites/blog.dev/vendor/laravel/framework/src/Illuminate/View/Engines/CompilerEngine.php(56): Illuminate\View\Engines\PhpEngine->evaluatePath('/vagrant/sites/...', Array)
#5 /vagrant/sites/blog.dev/vendor/laravel/framework/src/Illuminate/View/View.php(140): Illuminate\View\Engines\CompilerEngine->get('/vagrant/sites/...', Array)
#6 /vagrant/sites/blog.dev/vendor/laravel/framework/src/Illuminate/View/View.php(109): Illuminate\View\View->getContents()
#7 /vagrant/sites/blog.dev/vendor/laravel/framework/src/Illuminate/View/View.php(78): Illuminate\View\View->renderContents()
#8 /vagrant/sites/blog.dev/vendor/laravel/framework/src/Illuminate/Http/Response.php(43): Illuminate\View\View->render()
#9 /vagrant/sites/blog.dev/vendor/symfony/http-foundation/Symfony/Component/HttpFoundation/Response.php(202): Illuminate\Http\Response->setContent(Object(Illuminate\View\View))
#10 /vagrant/sites/blog.dev/vendor/laravel/framework/src/Illuminate/Routing/Router.php(1501): Symfony\Component\HttpFoundation\Response->__construct(Object(Illuminate\View\View))
#11 /vagrant/sites/blog.dev/vendor/laravel/framework/src/Illuminate/Routing/Router.php(1036): Illuminate\Routing\Router->prepareResponse(Object(Illuminate\Http\Request), Object(Illuminate\View\View))
#12 /vagrant/sites/blog.dev/vendor/laravel/framework/src/Illuminate/Routing/Router.php(1001): Illuminate\Routing\Router->dispatchToRoute(Object(Illuminate\Http\Request))
#13 /vagrant/sites/blog.dev/vendor/laravel/framework/src/Illuminate/Foundation/Application.php(775): Illuminate\Routing\Router->dispatch(Object(Illuminate\Http\Request))
#14 /vagrant/sites/blog.dev/vendor/laravel/framework/src/Illuminate/Foundation/Application.php(745): Illuminate\Foundation\Application->dispatch(Object(Illuminate\Http\Request))
#15 /vagrant/sites/blog.dev/vendor/barryvdh/laravel-debugbar/src/Middleware/Stack.php(34): Illuminate\Foundation\Application->handle(Object(Illuminate\Http\Request), 1, true)
#16 /vagrant/sites/blog.dev/vendor/laravel/framework/src/Illuminate/Session/Middleware.php(72): Barryvdh\Debugbar\Middleware\Stack->handle(Object(Illuminate\Http\Request), 1, true)
#17 /vagrant/sites/blog.dev/vendor/laravel/framework/src/Illuminate/Cookie/Queue.php(47): Illuminate\Session\Middleware->handle(Object(Illuminate\Http\Request), 1, true)
#18 /vagrant/sites/blog.dev/vendor/laravel/framework/src/Illuminate/Cookie/Guard.php(51): Illuminate\Cookie\Queue->handle(Object(Illuminate\Http\Request), 1, true)
#19 /vagrant/sites/blog.dev/vendor/stack/builder/src/Stack/StackedHttpKernel.php(23): Illuminate\Cookie\Guard->handle(Object(Illuminate\Http\Request), 1, true)
#20 /vagrant/sites/blog.dev/vendor/laravel/framework/src/Illuminate/Foundation/Application.php(641): Stack\StackedHttpKernel->handle(Object(Illuminate\Http\Request))
#21 /vagrant/sites/blog.dev/public/index.php(49): Illuminate\Foundation\Application->run()
#22 {main}

Next exception 'ErrorException' with message 'View [layouts.master] not found. (View: /vagrant/sites/blog.dev/app/views/homepage.blade.php)' in /vagrant/sites/blog.dev/vendor/laravel/framework/src/Illuminate/View/FileViewFinder.php:146
Stack trace:
#0 /vagrant/sites/blog.dev/vendor/laravel/framework/src/Illuminate/View/Engines/PhpEngine.php(41): Illuminate\View\Engines\CompilerEngine->handleViewException(Object(InvalidArgumentException), 1)
#1 /vagrant/sites/blog.dev/vendor/laravel/framework/src/Illuminate/View/Engines/CompilerEngine.php(56): Illuminate\View\Engines\PhpEngine->evaluatePath('/vagrant/sites/...', Array)
#2 /vagrant/sites/blog.dev/vendor/laravel/framework/src/Illuminate/View/View.php(140): Illuminate\View\Engines\CompilerEngine->get('/vagrant/sites/...', Array)
#3 /vagrant/sites/blog.dev/vendor/laravel/framework/src/Illuminate/View/View.php(109): Illuminate\View\View->getContents()
#4 /vagrant/sites/blog.dev/vendor/laravel/framework/src/Illuminate/View/View.php(78): Illuminate\View\View->renderContents()
#5 /vagrant/sites/blog.dev/vendor/laravel/framework/src/Illuminate/Http/Response.php(43): Illuminate\View\View->render()
#6 /vagrant/sites/blog.dev/vendor/symfony/http-foundation/Symfony/Component/HttpFoundation/Response.php(202): Illuminate\Http\Response->setContent(Object(Illuminate\View\View))
#7 /vagrant/sites/blog.dev/vendor/laravel/framework/src/Illuminate/Routing/Router.php(1501): Symfony\Component\HttpFoundation\Response->__construct(Object(Illuminate\View\View))
#8 /vagrant/sites/blog.dev/vendor/laravel/framework/src/Illuminate/Routing/Router.php(1036): Illuminate\Routing\Router->prepareResponse(Object(Illuminate\Http\Request), Object(Illuminate\View\View))
#9 /vagrant/sites/blog.dev/vendor/laravel/framework/src/Illuminate/Routing/Router.php(1001): Illuminate\Routing\Router->dispatchToRoute(Object(Illuminate\Http\Request))
#10 /vagrant/sites/blog.dev/vendor/laravel/framework/src/Illuminate/Foundation/Application.php(775): Illuminate\Routing\Router->dispatch(Object(Illuminate\Http\Request))
#11 /vagrant/sites/blog.dev/vendor/laravel/framework/src/Illuminate/Foundation/Application.php(745): Illuminate\Foundation\Application->dispatch(Object(Illuminate\Http\Request))
#12 /vagrant/sites/blog.dev/vendor/barryvdh/laravel-debugbar/src/Middleware/Stack.php(34): Illuminate\Foundation\Application->handle(Object(Illuminate\Http\Request), 1, true)
#13 /vagrant/sites/blog.dev/vendor/laravel/framework/src/Illuminate/Session/Middleware.php(72): Barryvdh\Debugbar\Middleware\Stack->handle(Object(Illuminate\Http\Request), 1, true)
#14 /vagrant/sites/blog.dev/vendor/laravel/framework/src/Illuminate/Cookie/Queue.php(47): Illuminate\Session\Middleware->handle(Object(Illuminate\Http\Request), 1, true)
#15 /vagrant/sites/blog.dev/vendor/laravel/framework/src/Illuminate/Cookie/Guard.php(51): Illuminate\Cookie\Queue->handle(Object(Illuminate\Http\Request), 1, true)
#16 /vagrant/sites/blog.dev/vendor/stack/builder/src/Stack/StackedHttpKernel.php(23): Illuminate\Cookie\Guard->handle(Object(Illuminate\Http\Request), 1, true)
#17 /vagrant/sites/blog.dev/vendor/laravel/framework/src/Illuminate/Foundation/Application.php(641): Stack\StackedHttpKernel->handle(Object(Illuminate\Http\Request))
#18 /vagrant/sites/blog.dev/public/index.php(49): Illuminate\Foundation\Application->run()
#19 {main} [] []
[2016-06-06 00:07:36] local.ERROR: exception 'BadMethodCallException' with message 'Method [gwelcomePage] does not exist.' in /vagrant/sites/blog.dev/vendor/laravel/framework/src/Illuminate/Routing/Controller.php:268
Stack trace:
#0 [internal function]: Illuminate\Routing\Controller->__call('gwelcomePage', Array)
#1 [internal function]: HomeController->gwelcomePage()
#2 /vagrant/sites/blog.dev/vendor/laravel/framework/src/Illuminate/Routing/Controller.php(231): call_user_func_array(Array, Array)
#3 /vagrant/sites/blog.dev/vendor/laravel/framework/src/Illuminate/Routing/ControllerDispatcher.php(93): Illuminate\Routing\Controller->callAction('gwelcomePage', Array)
#4 /vagrant/sites/blog.dev/vendor/laravel/framework/src/Illuminate/Routing/ControllerDispatcher.php(62): Illuminate\Routing\ControllerDispatcher->call(Object(HomeController), Object(Illuminate\Routing\Route), 'gwelcomePage')
#5 /vagrant/sites/blog.dev/vendor/laravel/framework/src/Illuminate/Routing/Router.php(967): Illuminate\Routing\ControllerDispatcher->dispatch(Object(Illuminate\Routing\Route), Object(Illuminate\Http\Request), 'HomeController', 'gwelcomePage')
#6 [internal function]: Illuminate\Routing\Router->Illuminate\Routing\{closure}()
#7 /vagrant/sites/blog.dev/vendor/laravel/framework/src/Illuminate/Routing/Route.php(109): call_user_func_array(Object(Closure), Array)
#8 /vagrant/sites/blog.dev/vendor/laravel/framework/src/Illuminate/Routing/Router.php(1033): Illuminate\Routing\Route->run(Object(Illuminate\Http\Request))
#9 /vagrant/sites/blog.dev/vendor/laravel/framework/src/Illuminate/Routing/Router.php(1001): Illuminate\Routing\Router->dispatchToRoute(Object(Illuminate\Http\Request))
#10 /vagrant/sites/blog.dev/vendor/laravel/framework/src/Illuminate/Foundation/Application.php(775): Illuminate\Routing\Router->dispatch(Object(Illuminate\Http\Request))
#11 /vagrant/sites/blog.dev/vendor/laravel/framework/src/Illuminate/Foundation/Application.php(745): Illuminate\Foundation\Application->dispatch(Object(Illuminate\Http\Request))
#12 /vagrant/sites/blog.dev/vendor/barryvdh/laravel-debugbar/src/Middleware/Stack.php(34): Illuminate\Foundation\Application->handle(Object(Illuminate\Http\Request), 1, true)
#13 /vagrant/sites/blog.dev/vendor/laravel/framework/src/Illuminate/Session/Middleware.php(72): Barryvdh\Debugbar\Middleware\Stack->handle(Object(Illuminate\Http\Request), 1, true)
#14 /vagrant/sites/blog.dev/vendor/laravel/framework/src/Illuminate/Cookie/Queue.php(47): Illuminate\Session\Middleware->handle(Object(Illuminate\Http\Request), 1, true)
#15 /vagrant/sites/blog.dev/vendor/laravel/framework/src/Illuminate/Cookie/Guard.php(51): Illuminate\Cookie\Queue->handle(Object(Illuminate\Http\Request), 1, true)
#16 /vagrant/sites/blog.dev/vendor/stack/builder/src/Stack/StackedHttpKernel.php(23): Illuminate\Cookie\Guard->handle(Object(Illuminate\Http\Request), 1, true)
#17 /vagrant/sites/blog.dev/vendor/laravel/framework/src/Illuminate/Foundation/Application.php(641): Stack\StackedHttpKernel->handle(Object(Illuminate\Http\Request))
#18 /vagrant/sites/blog.dev/public/index.php(49): Illuminate\Foundation\Application->run()
#19 {main} [] []
[2016-06-06 00:07:36] local.ERROR: Debugbar exception: Method HomeController::gwelcomePage() does not exist [] []
[2016-06-06 00:18:52] local.ERROR: exception 'InvalidArgumentException' with message 'Route [HomeController@welcomePage()] not defined.' in /vagrant/sites/blog.dev/vendor/laravel/framework/src/Illuminate/Routing/UrlGenerator.php:231
Stack trace:
#0 /vagrant/sites/blog.dev/vendor/laravel/framework/src/Illuminate/Routing/UrlGenerator.php(447): Illuminate\Routing\UrlGenerator->route('HomeController@...', Array, true, NULL)
#1 /vagrant/sites/blog.dev/vendor/laravel/framework/src/Illuminate/Support/helpers.php(17): Illuminate\Routing\UrlGenerator->action('HomeController@...', Array)
#2 /vagrant/sites/blog.dev/app/storage/views/215f47786f99c87cbbb336bd96dba4c4(15): action('HomeController@...')
#3 /vagrant/sites/blog.dev/vendor/laravel/framework/src/Illuminate/View/Engines/PhpEngine.php(37): include('/vagrant/sites/...')
#4 /vagrant/sites/blog.dev/vendor/laravel/framework/src/Illuminate/View/Engines/CompilerEngine.php(56): Illuminate\View\Engines\PhpEngine->evaluatePath('/vagrant/sites/...', Array)
#5 /vagrant/sites/blog.dev/vendor/laravel/framework/src/Illuminate/View/View.php(140): Illuminate\View\Engines\CompilerEngine->get('/vagrant/sites/...', Array)
#6 /vagrant/sites/blog.dev/vendor/laravel/framework/src/Illuminate/View/View.php(109): Illuminate\View\View->getContents()
#7 /vagrant/sites/blog.dev/vendor/laravel/framework/src/Illuminate/View/View.php(78): Illuminate\View\View->renderContents()
#8 /vagrant/sites/blog.dev/vendor/laravel/framework/src/Illuminate/Http/Response.php(43): Illuminate\View\View->render()
#9 /vagrant/sites/blog.dev/vendor/symfony/http-foundation/Symfony/Component/HttpFoundation/Response.php(202): Illuminate\Http\Response->setContent(Object(Illuminate\View\View))
#10 /vagrant/sites/blog.dev/vendor/laravel/framework/src/Illuminate/Routing/Router.php(1501): Symfony\Component\HttpFoundation\Response->__construct(Object(Illuminate\View\View))
#11 /vagrant/sites/blog.dev/vendor/laravel/framework/src/Illuminate/Routing/Router.php(1036): Illuminate\Routing\Router->prepareResponse(Object(Illuminate\Http\Request), Object(Illuminate\View\View))
#12 /vagrant/sites/blog.dev/vendor/laravel/framework/src/Illuminate/Routing/Router.php(1001): Illuminate\Routing\Router->dispatchToRoute(Object(Illuminate\Http\Request))
#13 /vagrant/sites/blog.dev/vendor/laravel/framework/src/Illuminate/Foundation/Application.php(775): Illuminate\Routing\Router->dispatch(Object(Illuminate\Http\Request))
#14 /vagrant/sites/blog.dev/vendor/laravel/framework/src/Illuminate/Foundation/Application.php(745): Illuminate\Foundation\Application->dispatch(Object(Illuminate\Http\Request))
#15 /vagrant/sites/blog.dev/vendor/barryvdh/laravel-debugbar/src/Middleware/Stack.php(34): Illuminate\Foundation\Application->handle(Object(Illuminate\Http\Request), 1, true)
#16 /vagrant/sites/blog.dev/vendor/laravel/framework/src/Illuminate/Session/Middleware.php(72): Barryvdh\Debugbar\Middleware\Stack->handle(Object(Illuminate\Http\Request), 1, true)
#17 /vagrant/sites/blog.dev/vendor/laravel/framework/src/Illuminate/Cookie/Queue.php(47): Illuminate\Session\Middleware->handle(Object(Illuminate\Http\Request), 1, true)
#18 /vagrant/sites/blog.dev/vendor/laravel/framework/src/Illuminate/Cookie/Guard.php(51): Illuminate\Cookie\Queue->handle(Object(Illuminate\Http\Request), 1, true)
#19 /vagrant/sites/blog.dev/vendor/stack/builder/src/Stack/StackedHttpKernel.php(23): Illuminate\Cookie\Guard->handle(Object(Illuminate\Http\Request), 1, true)
#20 /vagrant/sites/blog.dev/vendor/laravel/framework/src/Illuminate/Foundation/Application.php(641): Stack\StackedHttpKernel->handle(Object(Illuminate\Http\Request))
#21 /vagrant/sites/blog.dev/public/index.php(49): Illuminate\Foundation\Application->run()
#22 {main}

Next exception 'ErrorException' with message 'Route [HomeController@welcomePage()] not defined. (View: /vagrant/sites/blog.dev/app/views/welcome.blade.php)' in /vagrant/sites/blog.dev/vendor/laravel/framework/src/Illuminate/Routing/UrlGenerator.php:231
Stack trace:
#0 /vagrant/sites/blog.dev/vendor/laravel/framework/src/Illuminate/View/Engines/PhpEngine.php(41): Illuminate\View\Engines\CompilerEngine->handleViewException(Object(InvalidArgumentException), 1)
#1 /vagrant/sites/blog.dev/vendor/laravel/framework/src/Illuminate/View/Engines/CompilerEngine.php(56): Illuminate\View\Engines\PhpEngine->evaluatePath('/vagrant/sites/...', Array)
#2 /vagrant/sites/blog.dev/vendor/laravel/framework/src/Illuminate/View/View.php(140): Illuminate\View\Engines\CompilerEngine->get('/vagrant/sites/...', Array)
#3 /vagrant/sites/blog.dev/vendor/laravel/framework/src/Illuminate/View/View.php(109): Illuminate\View\View->getContents()
#4 /vagrant/sites/blog.dev/vendor/laravel/framework/src/Illuminate/View/View.php(78): Illuminate\View\View->renderContents()
#5 /vagrant/sites/blog.dev/vendor/laravel/framework/src/Illuminate/Http/Response.php(43): Illuminate\View\View->render()
#6 /vagrant/sites/blog.dev/vendor/symfony/http-foundation/Symfony/Component/HttpFoundation/Response.php(202): Illuminate\Http\Response->setContent(Object(Illuminate\View\View))
#7 /vagrant/sites/blog.dev/vendor/laravel/framework/src/Illuminate/Routing/Router.php(1501): Symfony\Component\HttpFoundation\Response->__construct(Object(Illuminate\View\View))
#8 /vagrant/sites/blog.dev/vendor/laravel/framework/src/Illuminate/Routing/Router.php(1036): Illuminate\Routing\Router->prepareResponse(Object(Illuminate\Http\Request), Object(Illuminate\View\View))
#9 /vagrant/sites/blog.dev/vendor/laravel/framework/src/Illuminate/Routing/Router.php(1001): Illuminate\Routing\Router->dispatchToRoute(Object(Illuminate\Http\Request))
#10 /vagrant/sites/blog.dev/vendor/laravel/framework/src/Illuminate/Foundation/Application.php(775): Illuminate\Routing\Router->dispatch(Object(Illuminate\Http\Request))
#11 /vagrant/sites/blog.dev/vendor/laravel/framework/src/Illuminate/Foundation/Application.php(745): Illuminate\Foundation\Application->dispatch(Object(Illuminate\Http\Request))
#12 /vagrant/sites/blog.dev/vendor/barryvdh/laravel-debugbar/src/Middleware/Stack.php(34): Illuminate\Foundation\Application->handle(Object(Illuminate\Http\Request), 1, true)
#13 /vagrant/sites/blog.dev/vendor/laravel/framework/src/Illuminate/Session/Middleware.php(72): Barryvdh\Debugbar\Middleware\Stack->handle(Object(Illuminate\Http\Request), 1, true)
#14 /vagrant/sites/blog.dev/vendor/laravel/framework/src/Illuminate/Cookie/Queue.php(47): Illuminate\Session\Middleware->handle(Object(Illuminate\Http\Request), 1, true)
#15 /vagrant/sites/blog.dev/vendor/laravel/framework/src/Illuminate/Cookie/Guard.php(51): Illuminate\Cookie\Queue->handle(Object(Illuminate\Http\Request), 1, true)
#16 /vagrant/sites/blog.dev/vendor/stack/builder/src/Stack/StackedHttpKernel.php(23): Illuminate\Cookie\Guard->handle(Object(Illuminate\Http\Request), 1, true)
#17 /vagrant/sites/blog.dev/vendor/laravel/framework/src/Illuminate/Foundation/Application.php(641): Stack\StackedHttpKernel->handle(Object(Illuminate\Http\Request))
#18 /vagrant/sites/blog.dev/public/index.php(49): Illuminate\Foundation\Application->run()
#19 {main} [] []
[2016-06-06 00:25:39] local.ERROR: exception 'InvalidArgumentException' with message 'Route [HomeController@homepage] not defined.' in /vagrant/sites/blog.dev/vendor/laravel/framework/src/Illuminate/Routing/UrlGenerator.php:231
Stack trace:
#0 /vagrant/sites/blog.dev/vendor/laravel/framework/src/Illuminate/Routing/UrlGenerator.php(447): Illuminate\Routing\UrlGenerator->route('HomeController@...', Array, true, NULL)
#1 /vagrant/sites/blog.dev/vendor/laravel/framework/src/Illuminate/Support/helpers.php(17): Illuminate\Routing\UrlGenerator->action('HomeController@...', Array)
#2 /vagrant/sites/blog.dev/app/storage/views/215f47786f99c87cbbb336bd96dba4c4(33): action('HomeController@...')
#3 /vagrant/sites/blog.dev/vendor/laravel/framework/src/Illuminate/View/Engines/PhpEngine.php(37): include('/vagrant/sites/...')
#4 /vagrant/sites/blog.dev/vendor/laravel/framework/src/Illuminate/View/Engines/CompilerEngine.php(56): Illuminate\View\Engines\PhpEngine->evaluatePath('/vagrant/sites/...', Array)
#5 /vagrant/sites/blog.dev/vendor/laravel/framework/src/Illuminate/View/View.php(140): Illuminate\View\Engines\CompilerEngine->get('/vagrant/sites/...', Array)
#6 /vagrant/sites/blog.dev/vendor/laravel/framework/src/Illuminate/View/View.php(109): Illuminate\View\View->getContents()
#7 /vagrant/sites/blog.dev/vendor/laravel/framework/src/Illuminate/View/View.php(78): Illuminate\View\View->renderContents()
#8 /vagrant/sites/blog.dev/vendor/laravel/framework/src/Illuminate/Http/Response.php(43): Illuminate\View\View->render()
#9 /vagrant/sites/blog.dev/vendor/symfony/http-foundation/Symfony/Component/HttpFoundation/Response.php(202): Illuminate\Http\Response->setContent(Object(Illuminate\View\View))
#10 /vagrant/sites/blog.dev/vendor/laravel/framework/src/Illuminate/Routing/Router.php(1501): Symfony\Component\HttpFoundation\Response->__construct(Object(Illuminate\View\View))
#11 /vagrant/sites/blog.dev/vendor/laravel/framework/src/Illuminate/Routing/Router.php(1036): Illuminate\Routing\Router->prepareResponse(Object(Illuminate\Http\Request), Object(Illuminate\View\View))
#12 /vagrant/sites/blog.dev/vendor/laravel/framework/src/Illuminate/Routing/Router.php(1001): Illuminate\Routing\Router->dispatchToRoute(Object(Illuminate\Http\Request))
#13 /vagrant/sites/blog.dev/vendor/laravel/framework/src/Illuminate/Foundation/Application.php(775): Illuminate\Routing\Router->dispatch(Object(Illuminate\Http\Request))
#14 /vagrant/sites/blog.dev/vendor/laravel/framework/src/Illuminate/Foundation/Application.php(745): Illuminate\Foundation\Application->dispatch(Object(Illuminate\Http\Request))
#15 /vagrant/sites/blog.dev/vendor/barryvdh/laravel-debugbar/src/Middleware/Stack.php(34): Illuminate\Foundation\Application->handle(Object(Illuminate\Http\Request), 1, true)
#16 /vagrant/sites/blog.dev/vendor/laravel/framework/src/Illuminate/Session/Middleware.php(72): Barryvdh\Debugbar\Middleware\Stack->handle(Object(Illuminate\Http\Request), 1, true)
#17 /vagrant/sites/blog.dev/vendor/laravel/framework/src/Illuminate/Cookie/Queue.php(47): Illuminate\Session\Middleware->handle(Object(Illuminate\Http\Request), 1, true)
#18 /vagrant/sites/blog.dev/vendor/laravel/framework/src/Illuminate/Cookie/Guard.php(51): Illuminate\Cookie\Queue->handle(Object(Illuminate\Http\Request), 1, true)
#19 /vagrant/sites/blog.dev/vendor/stack/builder/src/Stack/StackedHttpKernel.php(23): Illuminate\Cookie\Guard->handle(Object(Illuminate\Http\Request), 1, true)
#20 /vagrant/sites/blog.dev/vendor/laravel/framework/src/Illuminate/Foundation/Application.php(641): Stack\StackedHttpKernel->handle(Object(Illuminate\Http\Request))
#21 /vagrant/sites/blog.dev/public/index.php(49): Illuminate\Foundation\Application->run()
#22 {main}

Next exception 'ErrorException' with message 'Route [HomeController@homepage] not defined. (View: /vagrant/sites/blog.dev/app/views/welcome.blade.php)' in /vagrant/sites/blog.dev/vendor/laravel/framework/src/Illuminate/Routing/UrlGenerator.php:231
Stack trace:
#0 /vagrant/sites/blog.dev/vendor/laravel/framework/src/Illuminate/View/Engines/PhpEngine.php(41): Illuminate\View\Engines\CompilerEngine->handleViewException(Object(InvalidArgumentException), 1)
#1 /vagrant/sites/blog.dev/vendor/laravel/framework/src/Illuminate/View/Engines/CompilerEngine.php(56): Illuminate\View\Engines\PhpEngine->evaluatePath('/vagrant/sites/...', Array)
#2 /vagrant/sites/blog.dev/vendor/laravel/framework/src/Illuminate/View/View.php(140): Illuminate\View\Engines\CompilerEngine->get('/vagrant/sites/...', Array)
#3 /vagrant/sites/blog.dev/vendor/laravel/framework/src/Illuminate/View/View.php(109): Illuminate\View\View->getContents()
#4 /vagrant/sites/blog.dev/vendor/laravel/framework/src/Illuminate/View/View.php(78): Illuminate\View\View->renderContents()
#5 /vagrant/sites/blog.dev/vendor/laravel/framework/src/Illuminate/Http/Response.php(43): Illuminate\View\View->render()
#6 /vagrant/sites/blog.dev/vendor/symfony/http-foundation/Symfony/Component/HttpFoundation/Response.php(202): Illuminate\Http\Response->setContent(Object(Illuminate\View\View))
#7 /vagrant/sites/blog.dev/vendor/laravel/framework/src/Illuminate/Routing/Router.php(1501): Symfony\Component\HttpFoundation\Response->__construct(Object(Illuminate\View\View))
#8 /vagrant/sites/blog.dev/vendor/laravel/framework/src/Illuminate/Routing/Router.php(1036): Illuminate\Routing\Router->prepareResponse(Object(Illuminate\Http\Request), Object(Illuminate\View\View))
#9 /vagrant/sites/blog.dev/vendor/laravel/framework/src/Illuminate/Routing/Router.php(1001): Illuminate\Routing\Router->dispatchToRoute(Object(Illuminate\Http\Request))
#10 /vagrant/sites/blog.dev/vendor/laravel/framework/src/Illuminate/Foundation/Application.php(775): Illuminate\Routing\Router->dispatch(Object(Illuminate\Http\Request))
#11 /vagrant/sites/blog.dev/vendor/laravel/framework/src/Illuminate/Foundation/Application.php(745): Illuminate\Foundation\Application->dispatch(Object(Illuminate\Http\Request))
#12 /vagrant/sites/blog.dev/vendor/barryvdh/laravel-debugbar/src/Middleware/Stack.php(34): Illuminate\Foundation\Application->handle(Object(Illuminate\Http\Request), 1, true)
#13 /vagrant/sites/blog.dev/vendor/laravel/framework/src/Illuminate/Session/Middleware.php(72): Barryvdh\Debugbar\Middleware\Stack->handle(Object(Illuminate\Http\Request), 1, true)
#14 /vagrant/sites/blog.dev/vendor/laravel/framework/src/Illuminate/Cookie/Queue.php(47): Illuminate\Session\Middleware->handle(Object(Illuminate\Http\Request), 1, true)
#15 /vagrant/sites/blog.dev/vendor/laravel/framework/src/Illuminate/Cookie/Guard.php(51): Illuminate\Cookie\Queue->handle(Object(Illuminate\Http\Request), 1, true)
#16 /vagrant/sites/blog.dev/vendor/stack/builder/src/Stack/StackedHttpKernel.php(23): Illuminate\Cookie\Guard->handle(Object(Illuminate\Http\Request), 1, true)
#17 /vagrant/sites/blog.dev/vendor/laravel/framework/src/Illuminate/Foundation/Application.php(641): Stack\StackedHttpKernel->handle(Object(Illuminate\Http\Request))
#18 /vagrant/sites/blog.dev/public/index.php(49): Illuminate\Foundation\Application->run()
#19 {main} [] []
[2016-06-06 01:49:10] local.ERROR: exception 'Symfony\Component\Debug\Exception\FatalErrorException' with message 'syntax error, unexpected ';'' in /vagrant/sites/blog.dev/app/storage/views/c4bc949dd5ab5a641f34d4f8586ecb09:17
Stack trace:
#0 [internal function]: Illuminate\Exception\Handler->handleShutdown()
#1 {main} [] []
